# JRE version: OpenJDK Runtime Environment (11.0.13) (build 11.0.13+0-b1751.21-8125866)
# Java VM: OpenJDK 64-Bit Server VM (11.0.13+0-b1751.21-8125866, mixed mode, tiered, compressed oops, g1 gc, windows-amd64)
Heap:
 garbage-first heap   total 402432K, used 309099K [0x0000000080000000, 0x0000000100000000)
  region size 1024K, 37 young (37888K), 3 survivors (3072K)
 Metaspace       used 109557K, capacity 112205K, committed 112336K, reserved 1146880K
  class space    used 14092K, capacity 15120K, committed 15232K, reserved 1048576K
GC Heap History (20 events):
Event: 15.805 GC heap before
{Heap before GC invocations=33 (full 0):
 garbage-first heap   total 334848K, used 227327K [0x0000000080000000, 0x0000000100000000)
  region size 1024K, 10 young (10240K), 1 survivors (1024K)
 Metaspace       used 106444K, capacity 109049K, committed 109392K, reserved 1144832K
  class space    used 13723K, capacity 14729K, committed 14848K, reserved 1048576K
}
Event: 15.808 GC heap after
{Heap after GC invocations=34 (full 0):
 garbage-first heap   total 334848K, used 219789K [0x0000000080000000, 0x0000000100000000)
  region size 1024K, 2 young (2048K), 2 survivors (2048K)
 Metaspace       used 106444K, capacity 109049K, committed 109392K, reserved 1144832K
  class space    used 13723K, capacity 14729K, committed 14848K, reserved 1048576K
}
Event: 16.175 GC heap before
{Heap before GC invocations=35 (full 0):
 garbage-first heap   total 334848K, used 269965K [0x0000000080000000, 0x0000000100000000)
  region size 1024K, 45 young (46080K), 2 survivors (2048K)
 Metaspace       used 107663K, capacity 110260K, committed 110544K, reserved 1144832K
  class space    used 13874K, capacity 14872K, committed 14976K, reserved 1048576K
}
Event: 16.181 GC heap after
{Heap after GC invocations=36 (full 0):
 garbage-first heap   total 334848K, used 230532K [0x0000000080000000, 0x0000000100000000)
  region size 1024K, 6 young (6144K), 6 survivors (6144K)
 Metaspace       used 107663K, capacity 110260K, committed 110544K, reserved 1144832K
  class space    used 13874K, capacity 14872K, committed 14976K, reserved 1048576K
}
Event: 16.202 GC heap before
{Heap before GC invocations=36 (full 0):
 garbage-first heap   total 334848K, used 240772K [0x0000000080000000, 0x0000000100000000)
  region size 1024K, 16 young (16384K), 6 survivors (6144K)
 Metaspace       used 107776K, capacity 110358K, committed 110672K, reserved 1144832K
  class space    used 13894K, capacity 14904K, committed 15104K, reserved 1048576K
}
Event: 16.208 GC heap after
{Heap after GC invocations=37 (full 0):
 garbage-first heap   total 334848K, used 229743K [0x0000000080000000, 0x0000000100000000)
  region size 1024K, 2 young (2048K), 2 survivors (2048K)
 Metaspace       used 107776K, capacity 110358K, committed 110672K, reserved 1144832K
  class space    used 13894K, capacity 14904K, committed 15104K, reserved 1048576K
}
Event: 16.239 GC heap before
{Heap before GC invocations=37 (full 0):
 garbage-first heap   total 334848K, used 249199K [0x0000000080000000, 0x0000000100000000)
  region size 1024K, 22 young (22528K), 2 survivors (2048K)
 Metaspace       used 107920K, capacity 110486K, committed 110928K, reserved 1144832K
  class space    used 13917K, capacity 14904K, committed 15104K, reserved 1048576K
}
Event: 16.245 GC heap after
{Heap after GC invocations=38 (full 0):
 garbage-first heap   total 334848K, used 233003K [0x0000000080000000, 0x0000000100000000)
  region size 1024K, 5 young (5120K), 5 survivors (5120K)
 Metaspace       used 107920K, capacity 110486K, committed 110928K, reserved 1144832K
  class space    used 13917K, capacity 14904K, committed 15104K, reserved 1048576K
}
Event: 16.402 GC heap before
{Heap before GC invocations=38 (full 0):
 garbage-first heap   total 334848K, used 271915K [0x0000000080000000, 0x0000000100000000)
  region size 1024K, 41 young (41984K), 5 survivors (5120K)
 Metaspace       used 108476K, capacity 111098K, committed 111440K, reserved 1146880K
  class space    used 13968K, capacity 15001K, committed 15104K, reserved 1048576K
}
Event: 16.408 GC heap after
{Heap after GC invocations=39 (full 0):
 garbage-first heap   total 334848K, used 241805K [0x0000000080000000, 0x0000000100000000)
  region size 1024K, 6 young (6144K), 6 survivors (6144K)
 Metaspace       used 108476K, capacity 111098K, committed 111440K, reserved 1146880K
  class space    used 13968K, capacity 15001K, committed 15104K, reserved 1048576K
}
Event: 16.616 GC heap before
{Heap before GC invocations=39 (full 0):
 garbage-first heap   total 334848K, used 285837K [0x0000000080000000, 0x0000000100000000)
  region size 1024K, 39 young (39936K), 6 survivors (6144K)
 Metaspace       used 109043K, capacity 111608K, committed 112080K, reserved 1146880K
  class space    used 14037K, capacity 15041K, committed 15232K, reserved 1048576K
}
Event: 16.622 GC heap after
{Heap after GC invocations=40 (full 0):
 garbage-first heap   total 334848K, used 255060K [0x0000000080000000, 0x0000000100000000)
  region size 1024K, 3 young (3072K), 3 survivors (3072K)
 Metaspace       used 109043K, capacity 111608K, committed 112080K, reserved 1146880K
  class space    used 14037K, capacity 15041K, committed 15232K, reserved 1048576K
}
Event: 16.776 GC heap before
{Heap before GC invocations=41 (full 0):
 garbage-first heap   total 334848K, used 284756K [0x0000000080000000, 0x0000000100000000)
  region size 1024K, 31 young (31744K), 3 survivors (3072K)
 Metaspace       used 109354K, capacity 111923K, committed 112336K, reserved 1146880K
  class space    used 14066K, capacity 15082K, committed 15232K, reserved 1048576K
}
Event: 16.781 GC heap after
{Heap after GC invocations=42 (full 0):
 garbage-first heap   total 334848K, used 256919K [0x0000000080000000, 0x0000000100000000)
  region size 1024K, 1 young (1024K), 1 survivors (1024K)
 Metaspace       used 109354K, capacity 111923K, committed 112336K, reserved 1146880K
  class space    used 14066K, capacity 15082K, committed 15232K, reserved 1048576K
}
Event: 16.825 GC heap before
{Heap before GC invocations=42 (full 0):
 garbage-first heap   total 334848K, used 271255K [0x0000000080000000, 0x0000000100000000)
  region size 1024K, 16 young (16384K), 1 survivors (1024K)
 Metaspace       used 109356K, capacity 111923K, committed 112336K, reserved 1146880K
  class space    used 14066K, capacity 15082K, committed 15232K, reserved 1048576K
}
Event: 16.829 GC heap after
{Heap after GC invocations=43 (full 0):
 garbage-first heap   total 402432K, used 254363K [0x0000000080000000, 0x0000000100000000)
  region size 1024K, 1 young (1024K), 1 survivors (1024K)
 Metaspace       used 109356K, capacity 111923K, committed 112336K, reserved 1146880K
  class space    used 14066K, capacity 15082K, committed 15232K, reserved 1048576K
}
Event: 17.070 GC heap before
{Heap before GC invocations=43 (full 0):
 garbage-first heap   total 402432K, used 337307K [0x0000000080000000, 0x0000000100000000)
  region size 1024K, 63 young (64512K), 1 survivors (1024K)
 Metaspace       used 109459K, capacity 112069K, committed 112336K, reserved 1146880K
  class space    used 14078K, capacity 15101K, committed 15232K, reserved 1048576K
}
Event: 17.072 GC heap after
{Heap after GC invocations=44 (full 0):
 garbage-first heap   total 402432K, used 274440K [0x0000000080000000, 0x0000000100000000)
  region size 1024K, 2 young (2048K), 2 survivors (2048K)
 Metaspace       used 109459K, capacity 112069K, committed 112336K, reserved 1146880K
  class space    used 14078K, capacity 15101K, committed 15232K, reserved 1048576K
}
Event: 17.239 GC heap before
{Heap before GC invocations=44 (full 0):
 garbage-first heap   total 402432K, used 331784K [0x0000000080000000, 0x0000000100000000)
  region size 1024K, 58 young (59392K), 2 survivors (2048K)
 Metaspace       used 109531K, capacity 112138K, committed 112336K, reserved 1146880K
  class space    used 14088K, capacity 15119K, committed 15232K, reserved 1048576K
}
Event: 17.241 GC heap after
{Heap after GC invocations=45 (full 0):
 garbage-first heap   total 402432K, used 275307K [0x0000000080000000, 0x0000000100000000)
  region size 1024K, 3 young (3072K), 3 survivors (3072K)
 Metaspace       used 109531K, capacity 112138K, committed 112336K, reserved 1146880K
  class space    used 14088K, capacity 15119K, committed 15232K, reserved 1048576K
}

