# JRE version: OpenJDK Runtime Environment (11.0.13) (build 11.0.13+0-b1751.21-8125866)
# Java VM: OpenJDK 64-Bit Server VM (11.0.13+0-b1751.21-8125866, mixed mode, tiered, compressed oops, g1 gc, windows-amd64)
Heap:
 garbage-first heap   total 262144K, used 191533K [0x0000000080000000, 0x0000000100000000)
  region size 1024K, 62 young (63488K), 1 survivors (1024K)
 Metaspace       used 135301K, capacity 138889K, committed 142416K, reserved 1171456K
  class space    used 16993K, capacity 18385K, committed 19840K, reserved 1048576K
GC Heap History (20 events):
Event: 24.020 GC heap before
{Heap before GC invocations=19 (full 0):
 garbage-first heap   total 262144K, used 209408K [0x0000000080000000, 0x0000000100000000)
  region size 1024K, 103 young (105472K), 7 survivors (7168K)
 Metaspace       used 113537K, capacity 116504K, committed 116560K, reserved 1150976K
  class space    used 14380K, capacity 15445K, committed 15488K, reserved 1048576K
}
Event: 24.028 GC heap after
{Heap after GC invocations=20 (full 0):
 garbage-first heap   total 262144K, used 123267K [0x0000000080000000, 0x0000000100000000)
  region size 1024K, 13 young (13312K), 13 survivors (13312K)
 Metaspace       used 113537K, capacity 116504K, committed 116560K, reserved 1150976K
  class space    used 14380K, capacity 15445K, committed 15488K, reserved 1048576K
}
Event: 24.190 GC heap before
{Heap before GC invocations=20 (full 0):
 garbage-first heap   total 262144K, used 135555K [0x0000000080000000, 0x0000000100000000)
  region size 1024K, 26 young (26624K), 13 survivors (13312K)
 Metaspace       used 114392K, capacity 117291K, committed 117456K, reserved 1150976K
  class space    used 14459K, capacity 15512K, committed 15616K, reserved 1048576K
}
Event: 24.215 GC heap after
{Heap after GC invocations=21 (full 0):
 garbage-first heap   total 262144K, used 127579K [0x0000000080000000, 0x0000000100000000)
  region size 1024K, 4 young (4096K), 4 survivors (4096K)
 Metaspace       used 114392K, capacity 117291K, committed 117456K, reserved 1150976K
  class space    used 14459K, capacity 15512K, committed 15616K, reserved 1048576K
}
Event: 24.507 GC heap before
{Heap before GC invocations=22 (full 0):
 garbage-first heap   total 262144K, used 151131K [0x0000000080000000, 0x0000000100000000)
  region size 1024K, 29 young (29696K), 4 survivors (4096K)
 Metaspace       used 115072K, capacity 117670K, committed 118608K, reserved 1153024K
  class space    used 14448K, capacity 15460K, committed 15744K, reserved 1048576K
}
Event: 24.512 GC heap after
{Heap after GC invocations=23 (full 0):
 garbage-first heap   total 262144K, used 127929K [0x0000000080000000, 0x0000000100000000)
  region size 1024K, 5 young (5120K), 5 survivors (5120K)
 Metaspace       used 115072K, capacity 117670K, committed 118608K, reserved 1153024K
  class space    used 14448K, capacity 15460K, committed 15744K, reserved 1048576K
}
Event: 24.956 GC heap before
{Heap before GC invocations=24 (full 0):
 garbage-first heap   total 262144K, used 181177K [0x0000000080000000, 0x0000000100000000)
  region size 1024K, 57 young (58368K), 5 survivors (5120K)
 Metaspace       used 121025K, capacity 124215K, committed 124368K, reserved 1157120K
  class space    used 15347K, capacity 16581K, committed 16640K, reserved 1048576K
}
Event: 24.963 GC heap after
{Heap after GC invocations=25 (full 0):
 garbage-first heap   total 262144K, used 135168K [0x0000000080000000, 0x0000000100000000)
  region size 1024K, 8 young (8192K), 8 survivors (8192K)
 Metaspace       used 121025K, capacity 124215K, committed 124368K, reserved 1157120K
  class space    used 15347K, capacity 16581K, committed 16640K, reserved 1048576K
}
Event: 25.334 GC heap before
{Heap before GC invocations=25 (full 0):
 garbage-first heap   total 262144K, used 188416K [0x0000000080000000, 0x0000000100000000)
  region size 1024K, 60 young (61440K), 8 survivors (8192K)
 Metaspace       used 127859K, capacity 132161K, committed 132432K, reserved 1163264K
  class space    used 16654K, capacity 18439K, committed 18560K, reserved 1048576K
}
Event: 25.346 GC heap after
{Heap after GC invocations=26 (full 0):
 garbage-first heap   total 262144K, used 139460K [0x0000000080000000, 0x0000000100000000)
  region size 1024K, 4 young (4096K), 4 survivors (4096K)
 Metaspace       used 127859K, capacity 132161K, committed 132432K, reserved 1163264K
  class space    used 16654K, capacity 18439K, committed 18560K, reserved 1048576K
}
Event: 25.755 GC heap before
{Heap before GC invocations=27 (full 0):
 garbage-first heap   total 262144K, used 193732K [0x0000000080000000, 0x0000000100000000)
  region size 1024K, 57 young (58368K), 4 survivors (4096K)
 Metaspace       used 130874K, capacity 135593K, committed 135632K, reserved 1165312K
  class space    used 17234K, capacity 19188K, committed 19200K, reserved 1048576K
}
Event: 25.761 GC heap after
{Heap after GC invocations=28 (full 0):
 garbage-first heap   total 262144K, used 142953K [0x0000000080000000, 0x0000000100000000)
  region size 1024K, 8 young (8192K), 8 survivors (8192K)
 Metaspace       used 130874K, capacity 135593K, committed 135632K, reserved 1165312K
  class space    used 17234K, capacity 19188K, committed 19200K, reserved 1048576K
}
Event: 25.781 GC heap before
{Heap before GC invocations=28 (full 0):
 garbage-first heap   total 262144K, used 147049K [0x0000000080000000, 0x0000000100000000)
  region size 1024K, 12 young (12288K), 8 survivors (8192K)
 Metaspace       used 130916K, capacity 135666K, committed 135888K, reserved 1165312K
  class space    used 17234K, capacity 19188K, committed 19200K, reserved 1048576K
}
Event: 25.785 GC heap after
{Heap after GC invocations=29 (full 0):
 garbage-first heap   total 262144K, used 138374K [0x0000000080000000, 0x0000000100000000)
  region size 1024K, 2 young (2048K), 2 survivors (2048K)
 Metaspace       used 130916K, capacity 135666K, committed 135888K, reserved 1165312K
  class space    used 17234K, capacity 19188K, committed 19200K, reserved 1048576K
}
Event: 25.828 GC heap before
{Heap before GC invocations=29 (full 0):
 garbage-first heap   total 262144K, used 141446K [0x0000000080000000, 0x0000000100000000)
  region size 1024K, 7 young (7168K), 2 survivors (2048K)
 Metaspace       used 130962K, capacity 135672K, committed 135888K, reserved 1165312K
  class space    used 17234K, capacity 19188K, committed 19200K, reserved 1048576K
}
Event: 25.831 GC heap after
{Heap after GC invocations=30 (full 0):
 garbage-first heap   total 262144K, used 139686K [0x0000000080000000, 0x0000000100000000)
  region size 1024K, 3 young (3072K), 3 survivors (3072K)
 Metaspace       used 130962K, capacity 135672K, committed 135888K, reserved 1165312K
  class space    used 17234K, capacity 19188K, committed 19200K, reserved 1048576K
}
Event: 32.556 GC heap before
{Heap before GC invocations=31 (full 0):
 garbage-first heap   total 262144K, used 208294K [0x0000000080000000, 0x0000000100000000)
  region size 1024K, 56 young (57344K), 3 survivors (3072K)
 Metaspace       used 134502K, capacity 138039K, committed 141904K, reserved 1171456K
  class space    used 16979K, capacity 18360K, committed 19840K, reserved 1048576K
}
Event: 32.563 GC heap after
{Heap after GC invocations=32 (full 0):
 garbage-first heap   total 262144K, used 138024K [0x0000000080000000, 0x0000000100000000)
  region size 1024K, 4 young (4096K), 4 survivors (4096K)
 Metaspace       used 134502K, capacity 138039K, committed 141904K, reserved 1171456K
  class space    used 16979K, capacity 18360K, committed 19840K, reserved 1048576K
}
Event: 32.667 GC heap before
{Heap before GC invocations=32 (full 0):
 garbage-first heap   total 262144K, used 146216K [0x0000000080000000, 0x0000000100000000)
  region size 1024K, 12 young (12288K), 4 survivors (4096K)
 Metaspace       used 134630K, capacity 138172K, committed 141904K, reserved 1171456K
  class space    used 16979K, capacity 18360K, committed 19840K, reserved 1048576K
}
Event: 32.673 GC heap after
{Heap after GC invocations=33 (full 0):
 garbage-first heap   total 262144K, used 131117K [0x0000000080000000, 0x0000000100000000)
  region size 1024K, 1 young (1024K), 1 survivors (1024K)
 Metaspace       used 134630K, capacity 138172K, committed 141904K, reserved 1171456K
  class space    used 16979K, capacity 18360K, committed 19840K, reserved 1048576K
}

