# JRE version: OpenJDK Runtime Environment (11.0.13) (build 11.0.13+0-b1751.21-8125866)
# Java VM: OpenJDK 64-Bit Server VM (11.0.13+0-b1751.21-8125866, mixed mode, tiered, compressed oops, g1 gc, windows-amd64)
Heap:
 garbage-first heap   total 262144K, used 159385K [0x0000000080000000, 0x0000000100000000)
  region size 1024K, 55 young (56320K), 1 survivors (1024K)
 Metaspace       used 102808K, capacity 104994K, committed 105808K, reserved 1140736K
  class space    used 12719K, capacity 13532K, committed 13824K, reserved 1048576K
GC Heap History (20 events):
Event: 7.384 GC heap before
{Heap before GC invocations=10 (full 0):
 garbage-first heap   total 262144K, used 167908K [0x0000000080000000, 0x0000000100000000)
  region size 1024K, 107 young (109568K), 4 survivors (4096K)
 Metaspace       used 68278K, capacity 69875K, committed 69968K, reserved 1110016K
  class space    used 8585K, capacity 9198K, committed 9216K, reserved 1048576K
}
Event: 7.390 GC heap after
{Heap after GC invocations=11 (full 0):
 garbage-first heap   total 262144K, used 60908K [0x0000000080000000, 0x0000000100000000)
  region size 1024K, 10 young (10240K), 10 survivors (10240K)
 Metaspace       used 68278K, capacity 69875K, committed 69968K, reserved 1110016K
  class space    used 8585K, capacity 9198K, committed 9216K, reserved 1048576K
}
Event: 8.377 GC heap before
{Heap before GC invocations=12 (full 0):
 garbage-first heap   total 262144K, used 170476K [0x0000000080000000, 0x0000000100000000)
  region size 1024K, 117 young (119808K), 10 survivors (10240K)
 Metaspace       used 75619K, capacity 77271K, committed 77520K, reserved 1116160K
  class space    used 9673K, capacity 10310K, committed 10368K, reserved 1048576K
}
Event: 8.385 GC heap after
{Heap after GC invocations=13 (full 0):
 garbage-first heap   total 262144K, used 68797K [0x0000000080000000, 0x0000000100000000)
  region size 1024K, 8 young (8192K), 8 survivors (8192K)
 Metaspace       used 75619K, capacity 77271K, committed 77520K, reserved 1116160K
  class space    used 9673K, capacity 10310K, committed 10368K, reserved 1048576K
}
Event: 9.853 GC heap before
{Heap before GC invocations=13 (full 0):
 garbage-first heap   total 262144K, used 179389K [0x0000000080000000, 0x0000000100000000)
  region size 1024K, 116 young (118784K), 8 survivors (8192K)
 Metaspace       used 85713K, capacity 87491K, committed 87632K, reserved 1126400K
  class space    used 10996K, capacity 11677K, committed 11776K, reserved 1048576K
}
Event: 9.863 GC heap after
{Heap after GC invocations=14 (full 0):
 garbage-first heap   total 262144K, used 77415K [0x0000000080000000, 0x0000000100000000)
  region size 1024K, 15 young (15360K), 15 survivors (15360K)
 Metaspace       used 85713K, capacity 87491K, committed 87632K, reserved 1126400K
  class space    used 10996K, capacity 11677K, committed 11776K, reserved 1048576K
}
Event: 11.008 GC heap before
{Heap before GC invocations=14 (full 0):
 garbage-first heap   total 262144K, used 185959K [0x0000000080000000, 0x0000000100000000)
  region size 1024K, 122 young (124928K), 15 survivors (15360K)
 Metaspace       used 90278K, capacity 92714K, committed 92880K, reserved 1130496K
  class space    used 11651K, capacity 12555K, committed 12672K, reserved 1048576K
}
Event: 11.026 GC heap after
{Heap after GC invocations=15 (full 0):
 garbage-first heap   total 262144K, used 88037K [0x0000000080000000, 0x0000000100000000)
  region size 1024K, 11 young (11264K), 11 survivors (11264K)
 Metaspace       used 90278K, capacity 92714K, committed 92880K, reserved 1130496K
  class space    used 11651K, capacity 12555K, committed 12672K, reserved 1048576K
}
Event: 12.598 GC heap before
{Heap before GC invocations=15 (full 0):
 garbage-first heap   total 262144K, used 201701K [0x0000000080000000, 0x0000000100000000)
  region size 1024K, 114 young (116736K), 11 survivors (11264K)
 Metaspace       used 92479K, capacity 94918K, committed 95184K, reserved 1132544K
  class space    used 11855K, capacity 12813K, committed 12928K, reserved 1048576K
}
Event: 12.614 GC heap after
{Heap after GC invocations=16 (full 0):
 garbage-first heap   total 262144K, used 111851K [0x0000000080000000, 0x0000000100000000)
  region size 1024K, 15 young (15360K), 15 survivors (15360K)
 Metaspace       used 92479K, capacity 94918K, committed 95184K, reserved 1132544K
  class space    used 11855K, capacity 12813K, committed 12928K, reserved 1048576K
}
Event: 13.884 GC heap before
{Heap before GC invocations=16 (full 0):
 garbage-first heap   total 262144K, used 190699K [0x0000000080000000, 0x0000000100000000)
  region size 1024K, 77 young (78848K), 15 survivors (15360K)
 Metaspace       used 95088K, capacity 97530K, committed 97744K, reserved 1134592K
  class space    used 12155K, capacity 13089K, committed 13184K, reserved 1048576K
}
Event: 13.901 GC heap after
{Heap after GC invocations=17 (full 0):
 garbage-first heap   total 262144K, used 127784K [0x0000000080000000, 0x0000000100000000)
  region size 1024K, 11 young (11264K), 11 survivors (11264K)
 Metaspace       used 95088K, capacity 97530K, committed 97744K, reserved 1134592K
  class space    used 12155K, capacity 13089K, committed 13184K, reserved 1048576K
}
Event: 14.539 GC heap before
{Heap before GC invocations=18 (full 0):
 garbage-first heap   total 262144K, used 203560K [0x0000000080000000, 0x0000000100000000)
  region size 1024K, 78 young (79872K), 11 survivors (11264K)
 Metaspace       used 98084K, capacity 100337K, committed 101328K, reserved 1136640K
  class space    used 12276K, capacity 13112K, committed 13440K, reserved 1048576K
}
Event: 14.550 GC heap after
{Heap after GC invocations=19 (full 0):
 garbage-first heap   total 262144K, used 129136K [0x0000000080000000, 0x0000000100000000)
  region size 1024K, 10 young (10240K), 10 survivors (10240K)
 Metaspace       used 98084K, capacity 100337K, committed 101328K, reserved 1136640K
  class space    used 12276K, capacity 13112K, committed 13440K, reserved 1048576K
}
Event: 14.825 GC heap before
{Heap before GC invocations=19 (full 0):
 garbage-first heap   total 262144K, used 197744K [0x0000000080000000, 0x0000000100000000)
  region size 1024K, 78 young (79872K), 10 survivors (10240K)
 Metaspace       used 99252K, capacity 101413K, committed 102480K, reserved 1138688K
  class space    used 12372K, capacity 13213K, committed 13568K, reserved 1048576K
}
Event: 14.844 GC heap after
{Heap after GC invocations=20 (full 0):
 garbage-first heap   total 262144K, used 127817K [0x0000000080000000, 0x0000000100000000)
  region size 1024K, 5 young (5120K), 5 survivors (5120K)
 Metaspace       used 99252K, capacity 101413K, committed 102480K, reserved 1138688K
  class space    used 12372K, capacity 13213K, committed 13568K, reserved 1048576K
}
Event: 15.380 GC heap before
{Heap before GC invocations=21 (full 0):
 garbage-first heap   total 262144K, used 183113K [0x0000000080000000, 0x0000000100000000)
  region size 1024K, 76 young (77824K), 5 survivors (5120K)
 Metaspace       used 101165K, capacity 103307K, committed 104144K, reserved 1140736K
  class space    used 12561K, capacity 13386K, committed 13696K, reserved 1048576K
}
Event: 15.387 GC heap after
{Heap after GC invocations=22 (full 0):
 garbage-first heap   total 262144K, used 114355K [0x0000000080000000, 0x0000000100000000)
  region size 1024K, 8 young (8192K), 8 survivors (8192K)
 Metaspace       used 101165K, capacity 103307K, committed 104144K, reserved 1140736K
  class space    used 12561K, capacity 13386K, committed 13696K, reserved 1048576K
}
Event: 15.440 GC heap before
{Heap before GC invocations=22 (full 0):
 garbage-first heap   total 262144K, used 118451K [0x0000000080000000, 0x0000000100000000)
  region size 1024K, 12 young (12288K), 8 survivors (8192K)
 Metaspace       used 101197K, capacity 103371K, committed 104144K, reserved 1140736K
  class space    used 12561K, capacity 13386K, committed 13696K, reserved 1048576K
}
Event: 15.446 GC heap after
{Heap after GC invocations=23 (full 0):
 garbage-first heap   total 262144K, used 106137K [0x0000000080000000, 0x0000000100000000)
  region size 1024K, 1 young (1024K), 1 survivors (1024K)
 Metaspace       used 101197K, capacity 103371K, committed 104144K, reserved 1140736K
  class space    used 12561K, capacity 13386K, committed 13696K, reserved 1048576K
}

