# JRE version: OpenJDK Runtime Environment (11.0.13) (build 11.0.13+0-b1751.21-8125866)
# Java VM: OpenJDK 64-Bit Server VM (11.0.13+0-b1751.21-8125866, mixed mode, tiered, compressed oops, g1 gc, windows-amd64)
Heap:
 garbage-first heap   total 262144K, used 149341K [0x0000000080000000, 0x0000000100000000)
  region size 1024K, 90 young (92160K), 4 survivors (4096K)
 Metaspace       used 65679K, capacity 67325K, committed 67620K, reserved 1107968K
  class space    used 8242K, capacity 8866K, committed 8960K, reserved 1048576K
GC Heap History (14 events):
Event: 0.581 GC heap before
{Heap before GC invocations=0 (full 0):
 garbage-first heap   total 262144K, used 29696K [0x0000000080000000, 0x0000000100000000)
  region size 1024K, 24 young (24576K), 0 survivors (0K)
 Metaspace       used 9824K, capacity 10062K, committed 10112K, reserved 1058816K
  class space    used 1011K, capacity 1102K, committed 1152K, reserved 1048576K
}
Event: 0.585 GC heap after
{Heap after GC invocations=1 (full 0):
 garbage-first heap   total 262144K, used 9421K [0x0000000080000000, 0x0000000100000000)
  region size 1024K, 3 young (3072K), 3 survivors (3072K)
 Metaspace       used 9824K, capacity 10062K, committed 10112K, reserved 1058816K
  class space    used 1011K, capacity 1102K, committed 1152K, reserved 1048576K
}
Event: 2.754 GC heap before
{Heap before GC invocations=1 (full 0):
 garbage-first heap   total 262144K, used 114893K [0x0000000080000000, 0x0000000100000000)
  region size 1024K, 107 young (109568K), 3 survivors (3072K)
 Metaspace       used 20802K, capacity 21197K, committed 21296K, reserved 1069056K
  class space    used 2530K, capacity 2688K, committed 2688K, reserved 1048576K
}
Event: 2.761 GC heap after
{Heap after GC invocations=2 (full 0):
 garbage-first heap   total 262144K, used 17257K [0x0000000080000000, 0x0000000100000000)
  region size 1024K, 11 young (11264K), 11 survivors (11264K)
 Metaspace       used 20802K, capacity 21197K, committed 21296K, reserved 1069056K
  class space    used 2530K, capacity 2688K, committed 2688K, reserved 1048576K
}
Event: 3.318 GC heap before
{Heap before GC invocations=3 (full 0):
 garbage-first heap   total 262144K, used 80745K [0x0000000080000000, 0x0000000100000000)
  region size 1024K, 73 young (74752K), 11 survivors (11264K)
 Metaspace       used 27066K, capacity 27645K, committed 27824K, reserved 1073152K
  class space    used 3509K, capacity 3738K, committed 3840K, reserved 1048576K
}
Event: 3.324 GC heap after
{Heap after GC invocations=4 (full 0):
 garbage-first heap   total 262144K, used 19696K [0x0000000080000000, 0x0000000100000000)
  region size 1024K, 3 young (3072K), 3 survivors (3072K)
 Metaspace       used 27066K, capacity 27645K, committed 27824K, reserved 1073152K
  class space    used 3509K, capacity 3738K, committed 3840K, reserved 1048576K
}
Event: 3.875 GC heap before
{Heap before GC invocations=4 (full 0):
 garbage-first heap   total 262144K, used 70896K [0x0000000080000000, 0x0000000100000000)
  region size 1024K, 54 young (55296K), 3 survivors (3072K)
 Metaspace       used 34802K, capacity 35529K, committed 35708K, reserved 1081344K
  class space    used 4461K, capacity 4750K, committed 4864K, reserved 1048576K
}
Event: 3.881 GC heap after
{Heap after GC invocations=5 (full 0):
 garbage-first heap   total 262144K, used 22304K [0x0000000080000000, 0x0000000100000000)
  region size 1024K, 6 young (6144K), 6 survivors (6144K)
 Metaspace       used 34802K, capacity 35529K, committed 35708K, reserved 1081344K
  class space    used 4461K, capacity 4750K, committed 4864K, reserved 1048576K
}
Event: 4.928 GC heap before
{Heap before GC invocations=6 (full 0):
 garbage-first heap   total 262144K, used 141088K [0x0000000080000000, 0x0000000100000000)
  region size 1024K, 119 young (121856K), 6 survivors (6144K)
 Metaspace       used 44683K, capacity 45769K, committed 45948K, reserved 1089536K
  class space    used 5640K, capacity 6037K, committed 6144K, reserved 1048576K
}
Event: 4.934 GC heap after
{Heap after GC invocations=7 (full 0):
 garbage-first heap   total 262144K, used 29800K [0x0000000080000000, 0x0000000100000000)
  region size 1024K, 13 young (13312K), 13 survivors (13312K)
 Metaspace       used 44683K, capacity 45769K, committed 45948K, reserved 1089536K
  class space    used 5640K, capacity 6037K, committed 6144K, reserved 1048576K
}
Event: 6.100 GC heap before
{Heap before GC invocations=7 (full 0):
 garbage-first heap   total 262144K, used 182376K [0x0000000080000000, 0x0000000100000000)
  region size 1024K, 153 young (156672K), 13 survivors (13312K)
 Metaspace       used 51810K, capacity 53263K, committed 53372K, reserved 1095680K
  class space    used 6545K, capacity 7074K, committed 7168K, reserved 1048576K
}
Event: 6.110 GC heap after
{Heap after GC invocations=8 (full 0):
 garbage-first heap   total 262144K, used 51567K [0x0000000080000000, 0x0000000100000000)
  region size 1024K, 20 young (20480K), 20 survivors (20480K)
 Metaspace       used 51810K, capacity 53263K, committed 53372K, reserved 1095680K
  class space    used 6545K, capacity 7074K, committed 7168K, reserved 1048576K
}
Event: 6.572 GC heap before
{Heap before GC invocations=8 (full 0):
 garbage-first heap   total 262144K, used 97647K [0x0000000080000000, 0x0000000100000000)
  region size 1024K, 66 young (67584K), 20 survivors (20480K)
 Metaspace       used 58267K, capacity 59756K, committed 59940K, reserved 1101824K
  class space    used 7276K, capacity 7824K, committed 7936K, reserved 1048576K
}
Event: 6.587 GC heap after
{Heap after GC invocations=9 (full 0):
 garbage-first heap   total 262144K, used 55133K [0x0000000080000000, 0x0000000100000000)
  region size 1024K, 4 young (4096K), 4 survivors (4096K)
 Metaspace       used 58267K, capacity 59756K, committed 59940K, reserved 1101824K
  class space    used 7276K, capacity 7824K, committed 7936K, reserved 1048576K
}

