# JRE version: OpenJDK Runtime Environment (11.0.13) (build 11.0.13+0-b1751.21-8125866)
# Java VM: OpenJDK 64-Bit Server VM (11.0.13+0-b1751.21-8125866, mixed mode, tiered, compressed oops, g1 gc, windows-amd64)
Heap:
 garbage-first heap   total 262144K, used 112942K [0x0000000080000000, 0x0000000100000000)
  region size 1024K, 56 young (57344K), 4 survivors (4096K)
 Metaspace       used 63323K, capacity 64970K, committed 65188K, reserved 1105920K
  class space    used 7963K, capacity 8557K, committed 8576K, reserved 1048576K
GC Heap History (14 events):
Event: 0.544 GC heap before
{Heap before GC invocations=0 (full 0):
 garbage-first heap   total 262144K, used 29696K [0x0000000080000000, 0x0000000100000000)
  region size 1024K, 24 young (24576K), 0 survivors (0K)
 Metaspace       used 9783K, capacity 9968K, committed 10112K, reserved 1058816K
  class space    used 1006K, capacity 1069K, committed 1152K, reserved 1048576K
}
Event: 0.547 GC heap after
{Heap after GC invocations=1 (full 0):
 garbage-first heap   total 262144K, used 8970K [0x0000000080000000, 0x0000000100000000)
  region size 1024K, 3 young (3072K), 3 survivors (3072K)
 Metaspace       used 9783K, capacity 9968K, committed 10112K, reserved 1058816K
  class space    used 1006K, capacity 1069K, committed 1152K, reserved 1048576K
}
Event: 2.544 GC heap before
{Heap before GC invocations=1 (full 0):
 garbage-first heap   total 262144K, used 114442K [0x0000000080000000, 0x0000000100000000)
  region size 1024K, 107 young (109568K), 3 survivors (3072K)
 Metaspace       used 20792K, capacity 21137K, committed 21296K, reserved 1069056K
  class space    used 2533K, capacity 2688K, committed 2688K, reserved 1048576K
}
Event: 2.552 GC heap after
{Heap after GC invocations=2 (full 0):
 garbage-first heap   total 262144K, used 16822K [0x0000000080000000, 0x0000000100000000)
  region size 1024K, 11 young (11264K), 11 survivors (11264K)
 Metaspace       used 20792K, capacity 21137K, committed 21296K, reserved 1069056K
  class space    used 2533K, capacity 2688K, committed 2688K, reserved 1048576K
}
Event: 3.214 GC heap before
{Heap before GC invocations=3 (full 0):
 garbage-first heap   total 262144K, used 85430K [0x0000000080000000, 0x0000000100000000)
  region size 1024K, 78 young (79872K), 11 survivors (11264K)
 Metaspace       used 27442K, capacity 28059K, committed 28336K, reserved 1073152K
  class space    used 3568K, capacity 3812K, committed 3840K, reserved 1048576K
}
Event: 3.221 GC heap after
{Heap after GC invocations=4 (full 0):
 garbage-first heap   total 262144K, used 19598K [0x0000000080000000, 0x0000000100000000)
  region size 1024K, 3 young (3072K), 3 survivors (3072K)
 Metaspace       used 27442K, capacity 28059K, committed 28336K, reserved 1073152K
  class space    used 3568K, capacity 3812K, committed 3840K, reserved 1048576K
}
Event: 3.734 GC heap before
{Heap before GC invocations=4 (full 0):
 garbage-first heap   total 262144K, used 65678K [0x0000000080000000, 0x0000000100000000)
  region size 1024K, 49 young (50176K), 3 survivors (3072K)
 Metaspace       used 34817K, capacity 35565K, committed 35708K, reserved 1081344K
  class space    used 4466K, capacity 4782K, committed 4864K, reserved 1048576K
}
Event: 3.741 GC heap after
{Heap after GC invocations=5 (full 0):
 garbage-first heap   total 262144K, used 22294K [0x0000000080000000, 0x0000000100000000)
  region size 1024K, 6 young (6144K), 6 survivors (6144K)
 Metaspace       used 34817K, capacity 35565K, committed 35708K, reserved 1081344K
  class space    used 4466K, capacity 4782K, committed 4864K, reserved 1048576K
}
Event: 4.689 GC heap before
{Heap before GC invocations=6 (full 0):
 garbage-first heap   total 262144K, used 135958K [0x0000000080000000, 0x0000000100000000)
  region size 1024K, 114 young (116736K), 6 survivors (6144K)
 Metaspace       used 44402K, capacity 45460K, committed 45692K, reserved 1089536K
  class space    used 5607K, capacity 6020K, committed 6144K, reserved 1048576K
}
Event: 4.695 GC heap after
{Heap after GC invocations=7 (full 0):
 garbage-first heap   total 262144K, used 29547K [0x0000000080000000, 0x0000000100000000)
  region size 1024K, 13 young (13312K), 13 survivors (13312K)
 Metaspace       used 44402K, capacity 45460K, committed 45692K, reserved 1089536K
  class space    used 5607K, capacity 6020K, committed 6144K, reserved 1048576K
}
Event: 5.643 GC heap before
{Heap before GC invocations=7 (full 0):
 garbage-first heap   total 262144K, used 180075K [0x0000000080000000, 0x0000000100000000)
  region size 1024K, 151 young (154624K), 13 survivors (13312K)
 Metaspace       used 50830K, capacity 52261K, committed 52476K, reserved 1095680K
  class space    used 6446K, capacity 6997K, committed 7040K, reserved 1048576K
}
Event: 5.653 GC heap after
{Heap after GC invocations=8 (full 0):
 garbage-first heap   total 262144K, used 50790K [0x0000000080000000, 0x0000000100000000)
  region size 1024K, 19 young (19456K), 19 survivors (19456K)
 Metaspace       used 50830K, capacity 52261K, committed 52476K, reserved 1095680K
  class space    used 6446K, capacity 6997K, committed 7040K, reserved 1048576K
}
Event: 6.187 GC heap before
{Heap before GC invocations=8 (full 0):
 garbage-first heap   total 262144K, used 104038K [0x0000000080000000, 0x0000000100000000)
  region size 1024K, 72 young (73728K), 19 survivors (19456K)
 Metaspace       used 58293K, capacity 59791K, committed 59940K, reserved 1101824K
  class space    used 7305K, capacity 7878K, committed 7936K, reserved 1048576K
}
Event: 6.210 GC heap after
{Heap after GC invocations=9 (full 0):
 garbage-first heap   total 262144K, used 54574K [0x0000000080000000, 0x0000000100000000)
  region size 1024K, 4 young (4096K), 4 survivors (4096K)
 Metaspace       used 58293K, capacity 59791K, committed 59940K, reserved 1101824K
  class space    used 7305K, capacity 7878K, committed 7936K, reserved 1048576K
}

