# JRE version: OpenJDK Runtime Environment (11.0.13) (build 11.0.13+0-b1751.21-8125866)
# Java VM: OpenJDK 64-Bit Server VM (11.0.13+0-b1751.21-8125866, mixed mode, tiered, compressed oops, g1 gc, windows-amd64)
Heap:
 garbage-first heap   total 315392K, used 228272K [0x0000000080000000, 0x0000000100000000)
  region size 1024K, 49 young (50176K), 2 survivors (2048K)
 Metaspace       used 144026K, capacity 148499K, committed 165328K, reserved 1191936K
  class space    used 17498K, capacity 19157K, committed 22784K, reserved 1048576K
GC Heap History (20 events):
Event: 1865.904 GC heap before
{Heap before GC invocations=97 (full 0):
 garbage-first heap   total 315392K, used 255759K [0x0000000080000000, 0x0000000100000000)
  region size 1024K, 82 young (83968K), 9 survivors (9216K)
 Metaspace       used 150968K, capacity 155683K, committed 163280K, reserved 1189888K
  class space    used 18291K, capacity 20024K, committed 22784K, reserved 1048576K
}
Event: 1865.911 GC heap after
{Heap after GC invocations=98 (full 0):
 garbage-first heap   total 315392K, used 191286K [0x0000000080000000, 0x0000000100000000)
  region size 1024K, 11 young (11264K), 11 survivors (11264K)
 Metaspace       used 150968K, capacity 155683K, committed 163280K, reserved 1189888K
  class space    used 18291K, capacity 20024K, committed 22784K, reserved 1048576K
}
Event: 1865.956 GC heap before
{Heap before GC invocations=98 (full 0):
 garbage-first heap   total 315392K, used 195382K [0x0000000080000000, 0x0000000100000000)
  region size 1024K, 15 young (15360K), 11 survivors (11264K)
 Metaspace       used 151412K, capacity 156140K, committed 163280K, reserved 1189888K
  class space    used 18356K, capacity 20113K, committed 22784K, reserved 1048576K
}
Event: 1865.968 GC heap after
{Heap after GC invocations=99 (full 0):
 garbage-first heap   total 315392K, used 177804K [0x0000000080000000, 0x0000000100000000)
  region size 1024K, 2 young (2048K), 2 survivors (2048K)
 Metaspace       used 151412K, capacity 156140K, committed 163280K, reserved 1189888K
  class space    used 18356K, capacity 20113K, committed 22784K, reserved 1048576K
}
Event: 1866.609 GC heap before
{Heap before GC invocations=99 (full 0):
 garbage-first heap   total 315392K, used 252556K [0x0000000080000000, 0x0000000100000000)
  region size 1024K, 75 young (76800K), 2 survivors (2048K)
 Metaspace       used 156259K, capacity 161421K, committed 164816K, reserved 1191936K
  class space    used 19101K, capacity 21025K, committed 22784K, reserved 1048576K
}
Event: 1866.620 GC heap after
{Heap after GC invocations=100 (full 0):
 garbage-first heap   total 315392K, used 181726K [0x0000000080000000, 0x0000000100000000)
  region size 1024K, 6 young (6144K), 6 survivors (6144K)
 Metaspace       used 156259K, capacity 161421K, committed 164816K, reserved 1191936K
  class space    used 19101K, capacity 21025K, committed 22784K, reserved 1048576K
}
Event: 1867.279 GC heap before
{Heap before GC invocations=101 (full 0):
 garbage-first heap   total 315392K, used 257502K [0x0000000080000000, 0x0000000100000000)
  region size 1024K, 80 young (81920K), 6 survivors (6144K)
 Metaspace       used 156775K, capacity 162067K, committed 165328K, reserved 1191936K
  class space    used 19168K, capacity 21131K, committed 22784K, reserved 1048576K
}
Event: 1867.285 GC heap after
{Heap after GC invocations=102 (full 0):
 garbage-first heap   total 315392K, used 186776K [0x0000000080000000, 0x0000000100000000)
  region size 1024K, 10 young (10240K), 10 survivors (10240K)
 Metaspace       used 156775K, capacity 162067K, committed 165328K, reserved 1191936K
  class space    used 19168K, capacity 21131K, committed 22784K, reserved 1048576K
}
Event: 1867.287 GC heap before
{Heap before GC invocations=102 (full 0):
 garbage-first heap   total 315392K, used 191896K [0x0000000080000000, 0x0000000100000000)
  region size 1024K, 15 young (15360K), 10 survivors (10240K)
 Metaspace       used 156775K, capacity 162067K, committed 165328K, reserved 1191936K
  class space    used 19168K, capacity 21131K, committed 22784K, reserved 1048576K
}
Event: 1867.295 GC heap after
{Heap after GC invocations=103 (full 0):
 garbage-first heap   total 315392K, used 181021K [0x0000000080000000, 0x0000000100000000)
  region size 1024K, 2 young (2048K), 2 survivors (2048K)
 Metaspace       used 156775K, capacity 162067K, committed 165328K, reserved 1191936K
  class space    used 19168K, capacity 21131K, committed 22784K, reserved 1048576K
}
Event: 1867.374 GC heap before
{Heap before GC invocations=103 (full 0):
 garbage-first heap   total 315392K, used 256797K [0x0000000080000000, 0x0000000100000000)
  region size 1024K, 77 young (78848K), 2 survivors (2048K)
 Metaspace       used 156790K, capacity 162069K, committed 165328K, reserved 1191936K
  class space    used 19168K, capacity 21131K, committed 22784K, reserved 1048576K
}
Event: 1867.387 GC heap after
{Heap after GC invocations=104 (full 0):
 garbage-first heap   total 315392K, used 192512K [0x0000000080000000, 0x0000000100000000)
  region size 1024K, 10 young (10240K), 10 survivors (10240K)
 Metaspace       used 156790K, capacity 162069K, committed 165328K, reserved 1191936K
  class space    used 19168K, capacity 21131K, committed 22784K, reserved 1048576K
}
Event: 1867.562 GC heap before
{Heap before GC invocations=104 (full 0):
 garbage-first heap   total 315392K, used 256000K [0x0000000080000000, 0x0000000100000000)
  region size 1024K, 76 young (77824K), 10 survivors (10240K)
 Metaspace       used 143882K, capacity 148354K, committed 165328K, reserved 1191936K
  class space    used 17496K, capacity 19154K, committed 22784K, reserved 1048576K
}
Event: 1867.568 GC heap after
{Heap after GC invocations=105 (full 0):
 garbage-first heap   total 315392K, used 189440K [0x0000000080000000, 0x0000000100000000)
  region size 1024K, 4 young (4096K), 4 survivors (4096K)
 Metaspace       used 143882K, capacity 148354K, committed 165328K, reserved 1191936K
  class space    used 17496K, capacity 19154K, committed 22784K, reserved 1048576K
}
Event: 1867.775 GC heap before
{Heap before GC invocations=106 (full 0):
 garbage-first heap   total 315392K, used 261120K [0x0000000080000000, 0x0000000100000000)
  region size 1024K, 74 young (75776K), 4 survivors (4096K)
 Metaspace       used 143886K, capacity 148355K, committed 165328K, reserved 1191936K
  class space    used 17496K, capacity 19154K, committed 22784K, reserved 1048576K
}
Event: 1867.778 GC heap after
{Heap after GC invocations=107 (full 0):
 garbage-first heap   total 315392K, used 187342K [0x0000000080000000, 0x0000000100000000)
  region size 1024K, 2 young (2048K), 2 survivors (2048K)
 Metaspace       used 143886K, capacity 148355K, committed 165328K, reserved 1191936K
  class space    used 17496K, capacity 19154K, committed 22784K, reserved 1048576K
}
Event: 1867.835 GC heap before
{Heap before GC invocations=107 (full 0):
 garbage-first heap   total 315392K, used 199630K [0x0000000080000000, 0x0000000100000000)
  region size 1024K, 15 young (15360K), 2 survivors (2048K)
 Metaspace       used 143907K, capacity 148356K, committed 165328K, reserved 1191936K
  class space    used 17496K, capacity 19154K, committed 22784K, reserved 1048576K
}
Event: 1867.846 GC heap after
{Heap after GC invocations=108 (full 0):
 garbage-first heap   total 315392K, used 165408K [0x0000000080000000, 0x0000000100000000)
  region size 1024K, 1 young (1024K), 1 survivors (1024K)
 Metaspace       used 143907K, capacity 148356K, committed 165328K, reserved 1191936K
  class space    used 17496K, capacity 19154K, committed 22784K, reserved 1048576K
}
Event: 1867.910 GC heap before
{Heap before GC invocations=108 (full 0):
 garbage-first heap   total 315392K, used 170528K [0x0000000080000000, 0x0000000100000000)
  region size 1024K, 8 young (8192K), 1 survivors (1024K)
 Metaspace       used 143908K, capacity 148356K, committed 165328K, reserved 1191936K
  class space    used 17496K, capacity 19154K, committed 22784K, reserved 1048576K
}
Event: 1867.914 GC heap after
{Heap after GC invocations=109 (full 0):
 garbage-first heap   total 315392K, used 165808K [0x0000000080000000, 0x0000000100000000)
  region size 1024K, 2 young (2048K), 2 survivors (2048K)
 Metaspace       used 143908K, capacity 148356K, committed 165328K, reserved 1191936K
  class space    used 17496K, capacity 19154K, committed 22784K, reserved 1048576K
}

