# JRE version: OpenJDK Runtime Environment (11.0.13) (build 11.0.13+0-b1751.21-8125866)
# Java VM: OpenJDK 64-Bit Server VM (11.0.13+0-b1751.21-8125866, mixed mode, tiered, compressed oops, g1 gc, windows-amd64)
Heap:
 garbage-first heap   total 315392K, used 249952K [0x0000000080000000, 0x0000000100000000)
  region size 1024K, 56 young (57344K), 2 survivors (2048K)
 Metaspace       used 144782K, capacity 149170K, committed 149248K, reserved 1191936K
  class space    used 18225K, capacity 19928K, committed 19968K, reserved 1048576K
GC Heap History (20 events):
Event: 1863.085 GC heap before
{Heap before GC invocations=53 (full 0):
 garbage-first heap   total 315392K, used 264538K [0x0000000080000000, 0x0000000100000000)
  region size 1024K, 69 young (70656K), 5 survivors (5120K)
 Metaspace       used 129705K, capacity 132906K, committed 133248K, reserved 1165312K
  class space    used 16034K, capacity 17217K, committed 17280K, reserved 1048576K
}
Event: 1863.091 GC heap after
{Heap after GC invocations=54 (full 0):
 garbage-first heap   total 315392K, used 202520K [0x0000000080000000, 0x0000000100000000)
  region size 1024K, 8 young (8192K), 8 survivors (8192K)
 Metaspace       used 129705K, capacity 132906K, committed 133248K, reserved 1165312K
  class space    used 16034K, capacity 17217K, committed 17280K, reserved 1048576K
}
Event: 1863.142 GC heap before
{Heap before GC invocations=54 (full 0):
 garbage-first heap   total 315392K, used 209688K [0x0000000080000000, 0x0000000100000000)
  region size 1024K, 15 young (15360K), 8 survivors (8192K)
 Metaspace       used 129815K, capacity 132970K, committed 133248K, reserved 1165312K
  class space    used 16037K, capacity 17217K, committed 17280K, reserved 1048576K
}
Event: 1863.153 GC heap after
{Heap after GC invocations=55 (full 0):
 garbage-first heap   total 315392K, used 189726K [0x0000000080000000, 0x0000000100000000)
  region size 1024K, 2 young (2048K), 2 survivors (2048K)
 Metaspace       used 129815K, capacity 132970K, committed 133248K, reserved 1165312K
  class space    used 16037K, capacity 17217K, committed 17280K, reserved 1048576K
}
Event: 1864.678 GC heap before
{Heap before GC invocations=55 (full 0):
 garbage-first heap   total 315392K, used 260382K [0x0000000080000000, 0x0000000100000000)
  region size 1024K, 72 young (73728K), 2 survivors (2048K)
 Metaspace       used 136445K, capacity 139733K, committed 140032K, reserved 1171456K
  class space    used 16837K, capacity 18052K, committed 18176K, reserved 1048576K
}
Event: 1864.685 GC heap after
{Heap after GC invocations=56 (full 0):
 garbage-first heap   total 315392K, used 194028K [0x0000000080000000, 0x0000000100000000)
  region size 1024K, 7 young (7168K), 7 survivors (7168K)
 Metaspace       used 136445K, capacity 139733K, committed 140032K, reserved 1171456K
  class space    used 16837K, capacity 18052K, committed 18176K, reserved 1048576K
}
Event: 1868.936 GC heap before
{Heap before GC invocations=57 (full 0):
 garbage-first heap   total 315392K, used 262636K [0x0000000080000000, 0x0000000100000000)
  region size 1024K, 75 young (76800K), 7 survivors (7168K)
 Metaspace       used 136930K, capacity 140216K, committed 140544K, reserved 1171456K
  class space    used 16848K, capacity 18062K, committed 18176K, reserved 1048576K
}
Event: 1868.941 GC heap after
{Heap after GC invocations=58 (full 0):
 garbage-first heap   total 315392K, used 195804K [0x0000000080000000, 0x0000000100000000)
  region size 1024K, 7 young (7168K), 7 survivors (7168K)
 Metaspace       used 136930K, capacity 140216K, committed 140544K, reserved 1171456K
  class space    used 16848K, capacity 18062K, committed 18176K, reserved 1048576K
}
Event: 1869.177 GC heap before
{Heap before GC invocations=58 (full 0):
 garbage-first heap   total 315392K, used 265436K [0x0000000080000000, 0x0000000100000000)
  region size 1024K, 76 young (77824K), 7 survivors (7168K)
 Metaspace       used 136993K, capacity 140323K, committed 140544K, reserved 1171456K
  class space    used 16854K, capacity 18097K, committed 18176K, reserved 1048576K
}
Event: 1869.182 GC heap after
{Heap after GC invocations=59 (full 0):
 garbage-first heap   total 315392K, used 195253K [0x0000000080000000, 0x0000000100000000)
  region size 1024K, 2 young (2048K), 2 survivors (2048K)
 Metaspace       used 136993K, capacity 140323K, committed 140544K, reserved 1171456K
  class space    used 16854K, capacity 18097K, committed 18176K, reserved 1048576K
}
Event: 1869.841 GC heap before
{Heap before GC invocations=60 (full 0):
 garbage-first heap   total 315392K, used 266933K [0x0000000080000000, 0x0000000100000000)
  region size 1024K, 74 young (75776K), 2 survivors (2048K)
 Metaspace       used 137302K, capacity 140592K, committed 140800K, reserved 1171456K
  class space    used 16886K, capacity 18105K, committed 18176K, reserved 1048576K
}
Event: 1869.847 GC heap after
{Heap after GC invocations=61 (full 0):
 garbage-first heap   total 315392K, used 196608K [0x0000000080000000, 0x0000000100000000)
  region size 1024K, 3 young (3072K), 3 survivors (3072K)
 Metaspace       used 137302K, capacity 140592K, committed 140800K, reserved 1171456K
  class space    used 16886K, capacity 18105K, committed 18176K, reserved 1048576K
}
Event: 1869.925 GC heap before
{Heap before GC invocations=61 (full 0):
 garbage-first heap   total 315392K, used 207872K [0x0000000080000000, 0x0000000100000000)
  region size 1024K, 16 young (16384K), 3 survivors (3072K)
 Metaspace       used 137315K, capacity 140598K, committed 140800K, reserved 1171456K
  class space    used 16886K, capacity 18106K, committed 18176K, reserved 1048576K
}
Event: 1869.937 GC heap after
{Heap after GC invocations=62 (full 0):
 garbage-first heap   total 315392K, used 188739K [0x0000000080000000, 0x0000000100000000)
  region size 1024K, 1 young (1024K), 1 survivors (1024K)
 Metaspace       used 137315K, capacity 140598K, committed 140800K, reserved 1171456K
  class space    used 16886K, capacity 18106K, committed 18176K, reserved 1048576K
}
Event: 1870.503 GC heap before
{Heap before GC invocations=62 (full 0):
 garbage-first heap   total 315392K, used 264515K [0x0000000080000000, 0x0000000100000000)
  region size 1024K, 76 young (77824K), 1 survivors (1024K)
 Metaspace       used 137434K, capacity 140699K, committed 140800K, reserved 1171456K
  class space    used 16894K, capacity 18138K, committed 18176K, reserved 1048576K
}
Event: 1870.519 GC heap after
{Heap after GC invocations=63 (full 0):
 garbage-first heap   total 315392K, used 193800K [0x0000000080000000, 0x0000000100000000)
  region size 1024K, 6 young (6144K), 6 survivors (6144K)
 Metaspace       used 137434K, capacity 140699K, committed 140800K, reserved 1171456K
  class space    used 16894K, capacity 18138K, committed 18176K, reserved 1048576K
}
Event: 1871.291 GC heap before
{Heap before GC invocations=64 (full 0):
 garbage-first heap   total 315392K, used 266504K [0x0000000080000000, 0x0000000100000000)
  region size 1024K, 78 young (79872K), 6 survivors (6144K)
 Metaspace       used 139625K, capacity 143166K, committed 143360K, reserved 1173504K
  class space    used 17253K, capacity 18590K, committed 18688K, reserved 1048576K
}
Event: 1871.300 GC heap after
{Heap after GC invocations=65 (full 0):
 garbage-first heap   total 315392K, used 198861K [0x0000000080000000, 0x0000000100000000)
  region size 1024K, 8 young (8192K), 8 survivors (8192K)
 Metaspace       used 139625K, capacity 143166K, committed 143360K, reserved 1173504K
  class space    used 17253K, capacity 18590K, committed 18688K, reserved 1048576K
}
Event: 1871.348 GC heap before
{Heap before GC invocations=65 (full 0):
 garbage-first heap   total 315392K, used 205005K [0x0000000080000000, 0x0000000100000000)
  region size 1024K, 15 young (15360K), 8 survivors (8192K)
 Metaspace       used 140298K, capacity 143957K, committed 144256K, reserved 1175552K
  class space    used 17371K, capacity 18750K, committed 18816K, reserved 1048576K
}
Event: 1871.357 GC heap after
{Heap after GC invocations=66 (full 0):
 garbage-first heap   total 315392K, used 196704K [0x0000000080000000, 0x0000000100000000)
  region size 1024K, 2 young (2048K), 2 survivors (2048K)
 Metaspace       used 140298K, capacity 143957K, committed 144256K, reserved 1175552K
  class space    used 17371K, capacity 18750K, committed 18816K, reserved 1048576K
}

